The system is: Darwin - 20.4.0 - arm64
Compiling the C compiler identification source file "CMakeCCompilerId.c" succeeded.
Compiler: /opt/homebrew/opt/llvm@13/bin/clang 
Build flags: 
Id flags:  

The output was:
0


Compilation of the C compiler identification source "CMakeCCompilerId.c" produced "a.out"

The C compiler identification is Clang, found in "/Users/brayden/Documents/School/Fifth Year/Computer Security/Assignment1/build-macos-arm-debug/CMakeFiles/3.24.1/CompilerIdC/a.out"

Compiling the CXX compiler identification source file "CMakeCXXCompilerId.cpp" succeeded.
Compiler: /opt/homebrew/opt/llvm@13/bin/clang++ 
Build flags: 
Id flags:  

The output was:
0


Compilation of the CXX compiler identification source "CMakeCXXCompilerId.cpp" produced "a.out"

The CXX compiler identification is Clang, found in "/Users/brayden/Documents/School/Fifth Year/Computer Security/Assignment1/build-macos-arm-debug/CMakeFiles/3.24.1/CompilerIdCXX/a.out"

Detecting C compiler ABI info compiled with the following output:
Change Dir: /Users/brayden/Documents/School/Fifth Year/Computer Security/Assignment1/build-macos-arm-debug/CMakeFiles/CMakeTmp

Run Build Command(s):/opt/homebrew/bin/ninja cmTC_f8363 && [1/2] Building C object CMakeFiles/cmTC_f8363.dir/CMakeCCompilerABI.c.o
Homebrew clang version 13.0.1
Target: arm64-apple-darwin20.4.0
Thread model: posix
InstalledDir: /opt/homebrew/opt/llvm@13/bin
clang-13: warning: -Wl,-v: 'linker' input unused [-Wunused-command-line-argument]
 (in-process)
 "/opt/homebrew/Cellar/llvm@13/13.0.1_1/bin/clang-13" -cc1 -triple arm64-apple-macosx11.3.0 -Wundef-prefix=TARGET_OS_ -Werror=undef-prefix -Wdeprecated-objc-isa-usage -Werror=deprecated-objc-isa-usage -emit-obj -mrelax-all --mrelax-relocations -disable-free -disable-llvm-verifier -discard-value-names -main-file-name CMakeCCompilerABI.c -mrelocation-model pic -pic-level 2 -mframe-pointer=non-leaf -fno-rounding-math -munwind-tables -target-sdk-version=12.1 -fcompatibility-qualified-id-block-type-checking -fvisibility-inlines-hidden-static-local-var -target-cpu apple-m1 -target-feature +v8.5a -target-feature +fp-armv8 -target-feature +neon -target-feature +crc -target-feature +crypto -target-feature +dotprod -target-feature +fp16fml -target-feature +ras -target-feature +lse -target-feature +rdm -target-feature +rcpc -target-feature +zcm -target-feature +zcz -target-feature +fullfp16 -target-feature +sha2 -target-feature +aes -target-abi darwinpcs -fallow-half-arguments-and-returns -debugger-tuning=lldb -target-linker-version 711 -v "-fcoverage-compilation-dir=/Users/brayden/Documents/School/Fifth Year/Computer Security/Assignment1/build-macos-arm-debug/CMakeFiles/CMakeTmp" -resource-dir /opt/homebrew/Cellar/llvm@13/13.0.1_1/lib/clang/13.0.1 -dependency-file CMakeFiles/cmTC_f8363.dir/CMakeCCompilerABI.c.o.d -MT CMakeFiles/cmTC_f8363.dir/CMakeCCompilerABI.c.o -sys-header-deps -isysroot /Library/Developer/CommandLineTools/SDKs/MacOSX12.1.sdk -internal-isystem /Library/Developer/CommandLineTools/SDKs/MacOSX12.1.sdk/usr/local/include -internal-isystem /opt/homebrew/Cellar/llvm@13/13.0.1_1/lib/clang/13.0.1/include -internal-externc-isystem /Library/Developer/CommandLineTools/SDKs/MacOSX12.1.sdk/usr/include "-fdebug-compilation-dir=/Users/brayden/Documents/School/Fifth Year/Computer Security/Assignment1/build-macos-arm-debug/CMakeFiles/CMakeTmp" -ferror-limit 19 -stack-protector 1 -fblocks -fencode-extended-block-signature -fregister-global-dtors-with-atexit -fgnuc-version=4.2.1 -fmax-type-align=16 -D__GCC_HAVE_DWARF2_CFI_ASM=1 -o CMakeFiles/cmTC_f8363.dir/CMakeCCompilerABI.c.o -x c /opt/homebrew/Cellar/cmake/3.24.1/share/cmake/Modules/CMakeCCompilerABI.c
clang -cc1 version 13.0.1 based upon LLVM 13.0.1 default target arm64-apple-darwin20.4.0
ignoring nonexistent directory "/Library/Developer/CommandLineTools/SDKs/MacOSX12.1.sdk/usr/local/include"
ignoring nonexistent directory "/Library/Developer/CommandLineTools/SDKs/MacOSX12.1.sdk/Library/Frameworks"
#include "..." search starts here:
#include <...> search starts here:
 /opt/homebrew/Cellar/llvm@13/13.0.1_1/lib/clang/13.0.1/include
 /Library/Developer/CommandLineTools/SDKs/MacOSX12.1.sdk/usr/include
 /Library/Developer/CommandLineTools/SDKs/MacOSX12.1.sdk/System/Library/Frameworks (framework directory)
End of search list.
[2/2] Linking C executable cmTC_f8363
Homebrew clang version 13.0.1
Target: arm64-apple-darwin20.4.0
Thread model: posix
InstalledDir: /opt/homebrew/opt/llvm@13/bin
 "/usr/bin/ld" -demangle -lto_library /opt/homebrew/Cellar/llvm@13/13.0.1_1/lib/libLTO.dylib -dynamic -arch arm64 -platform_version macos 11.3.0 12.1 -syslibroot /Library/Developer/CommandLineTools/SDKs/MacOSX11.sdk -o cmTC_f8363 -search_paths_first -headerpad_max_install_names -v CMakeFiles/cmTC_f8363.dir/CMakeCCompilerABI.c.o -lSystem /opt/homebrew/Cellar/llvm@13/13.0.1_1/lib/clang/13.0.1/lib/darwin/libclang_rt.osx.a
@(#)PROGRAM:ld  PROJECT:ld64-711
BUILD 21:57:24 Nov 17 2021
configured to support archs: armv6 armv7 armv7s arm64 arm64e arm64_32 i386 x86_64 x86_64h armv6m armv7k armv7m armv7em
Library search paths:
	/Library/Developer/CommandLineTools/SDKs/MacOSX11.sdk/usr/lib
Framework search paths:
	/Library/Developer/CommandLineTools/SDKs/MacOSX11.sdk/System/Library/Frameworks/



Parsed C implicit include dir info from above output: rv=done
  found start of include info
  found start of implicit include info
    add: [/opt/homebrew/Cellar/llvm@13/13.0.1_1/lib/clang/13.0.1/include]
    add: [/Library/Developer/CommandLineTools/SDKs/MacOSX12.1.sdk/usr/include]
  end of search list found
  collapse include dir [/opt/homebrew/Cellar/llvm@13/13.0.1_1/lib/clang/13.0.1/include] ==> [/opt/homebrew/Cellar/llvm@13/13.0.1_1/lib/clang/13.0.1/include]
  collapse include dir [/Library/Developer/CommandLineTools/SDKs/MacOSX12.1.sdk/usr/include] ==> [/Library/Developer/CommandLineTools/SDKs/MacOSX12.1.sdk/usr/include]
  implicit include dirs: [/opt/homebrew/Cellar/llvm@13/13.0.1_1/lib/clang/13.0.1/include;/Library/Developer/CommandLineTools/SDKs/MacOSX12.1.sdk/usr/include]


Parsed C implicit link information from above output:
  link line regex: [^( *|.*[/\])(ld\.lld|CMAKE_LINK_STARTFILE-NOTFOUND|([^/\]+-)?ld|collect2)[^/\]*( |$)]
  ignore line: [Change Dir: /Users/brayden/Documents/School/Fifth Year/Computer Security/Assignment1/build-macos-arm-debug/CMakeFiles/CMakeTmp]
  ignore line: []
  ignore line: [Run Build Command(s):/opt/homebrew/bin/ninja cmTC_f8363 && [1/2] Building C object CMakeFiles/cmTC_f8363.dir/CMakeCCompilerABI.c.o]
  ignore line: [Homebrew clang version 13.0.1]
  ignore line: [Target: arm64-apple-darwin20.4.0]
  ignore line: [Thread model: posix]
  ignore line: [InstalledDir: /opt/homebrew/opt/llvm@13/bin]
  ignore line: [clang-13: warning: -Wl -v: 'linker' input unused [-Wunused-command-line-argument]]
  ignore line: [ (in-process)]
  ignore line: [ "/opt/homebrew/Cellar/llvm@13/13.0.1_1/bin/clang-13" -cc1 -triple arm64-apple-macosx11.3.0 -Wundef-prefix=TARGET_OS_ -Werror=undef-prefix -Wdeprecated-objc-isa-usage -Werror=deprecated-objc-isa-usage -emit-obj -mrelax-all --mrelax-relocations -disable-free -disable-llvm-verifier -discard-value-names -main-file-name CMakeCCompilerABI.c -mrelocation-model pic -pic-level 2 -mframe-pointer=non-leaf -fno-rounding-math -munwind-tables -target-sdk-version=12.1 -fcompatibility-qualified-id-block-type-checking -fvisibility-inlines-hidden-static-local-var -target-cpu apple-m1 -target-feature +v8.5a -target-feature +fp-armv8 -target-feature +neon -target-feature +crc -target-feature +crypto -target-feature +dotprod -target-feature +fp16fml -target-feature +ras -target-feature +lse -target-feature +rdm -target-feature +rcpc -target-feature +zcm -target-feature +zcz -target-feature +fullfp16 -target-feature +sha2 -target-feature +aes -target-abi darwinpcs -fallow-half-arguments-and-returns -debugger-tuning=lldb -target-linker-version 711 -v "-fcoverage-compilation-dir=/Users/brayden/Documents/School/Fifth Year/Computer Security/Assignment1/build-macos-arm-debug/CMakeFiles/CMakeTmp" -resource-dir /opt/homebrew/Cellar/llvm@13/13.0.1_1/lib/clang/13.0.1 -dependency-file CMakeFiles/cmTC_f8363.dir/CMakeCCompilerABI.c.o.d -MT CMakeFiles/cmTC_f8363.dir/CMakeCCompilerABI.c.o -sys-header-deps -isysroot /Library/Developer/CommandLineTools/SDKs/MacOSX12.1.sdk -internal-isystem /Library/Developer/CommandLineTools/SDKs/MacOSX12.1.sdk/usr/local/include -internal-isystem /opt/homebrew/Cellar/llvm@13/13.0.1_1/lib/clang/13.0.1/include -internal-externc-isystem /Library/Developer/CommandLineTools/SDKs/MacOSX12.1.sdk/usr/include "-fdebug-compilation-dir=/Users/brayden/Documents/School/Fifth Year/Computer Security/Assignment1/build-macos-arm-debug/CMakeFiles/CMakeTmp" -ferror-limit 19 -stack-protector 1 -fblocks -fencode-extended-block-signature -fregister-global-dtors-with-atexit -fgnuc-version=4.2.1 -fmax-type-align=16 -D__GCC_HAVE_DWARF2_CFI_ASM=1 -o CMakeFiles/cmTC_f8363.dir/CMakeCCompilerABI.c.o -x c /opt/homebrew/Cellar/cmake/3.24.1/share/cmake/Modules/CMakeCCompilerABI.c]
  ignore line: [clang -cc1 version 13.0.1 based upon LLVM 13.0.1 default target arm64-apple-darwin20.4.0]
  ignore line: [ignoring nonexistent directory "/Library/Developer/CommandLineTools/SDKs/MacOSX12.1.sdk/usr/local/include"]
  ignore line: [ignoring nonexistent directory "/Library/Developer/CommandLineTools/SDKs/MacOSX12.1.sdk/Library/Frameworks"]
  ignore line: [#include "..." search starts here:]
  ignore line: [#include <...> search starts here:]
  ignore line: [ /opt/homebrew/Cellar/llvm@13/13.0.1_1/lib/clang/13.0.1/include]
  ignore line: [ /Library/Developer/CommandLineTools/SDKs/MacOSX12.1.sdk/usr/include]
  ignore line: [ /Library/Developer/CommandLineTools/SDKs/MacOSX12.1.sdk/System/Library/Frameworks (framework directory)]
  ignore line: [End of search list.]
  ignore line: [[2/2] Linking C executable cmTC_f8363]
  ignore line: [Homebrew clang version 13.0.1]
  ignore line: [Target: arm64-apple-darwin20.4.0]
  ignore line: [Thread model: posix]
  ignore line: [InstalledDir: /opt/homebrew/opt/llvm@13/bin]
  link line: [ "/usr/bin/ld" -demangle -lto_library /opt/homebrew/Cellar/llvm@13/13.0.1_1/lib/libLTO.dylib -dynamic -arch arm64 -platform_version macos 11.3.0 12.1 -syslibroot /Library/Developer/CommandLineTools/SDKs/MacOSX11.sdk -o cmTC_f8363 -search_paths_first -headerpad_max_install_names -v CMakeFiles/cmTC_f8363.dir/CMakeCCompilerABI.c.o -lSystem /opt/homebrew/Cellar/llvm@13/13.0.1_1/lib/clang/13.0.1/lib/darwin/libclang_rt.osx.a]
    arg [/usr/bin/ld] ==> ignore
    arg [-demangle] ==> ignore
    arg [-lto_library] ==> ignore, skip following value
    arg [/opt/homebrew/Cellar/llvm@13/13.0.1_1/lib/libLTO.dylib] ==> skip value of -lto_library
    arg [-dynamic] ==> ignore
    arg [-arch] ==> ignore
    arg [arm64] ==> ignore
    arg [-platform_version] ==> ignore
    arg [macos] ==> ignore
    arg [11.3.0] ==> ignore
    arg [12.1] ==> ignore
    arg [-syslibroot] ==> ignore
    arg [/Library/Developer/CommandLineTools/SDKs/MacOSX11.sdk] ==> ignore
    arg [-o] ==> ignore
    arg [cmTC_f8363] ==> ignore
    arg [-search_paths_first] ==> ignore
    arg [-headerpad_max_install_names] ==> ignore
    arg [-v] ==> ignore
    arg [CMakeFiles/cmTC_f8363.dir/CMakeCCompilerABI.c.o] ==> ignore
    arg [-lSystem] ==> lib [System]
    arg [/opt/homebrew/Cellar/llvm@13/13.0.1_1/lib/clang/13.0.1/lib/darwin/libclang_rt.osx.a] ==> lib [/opt/homebrew/Cellar/llvm@13/13.0.1_1/lib/clang/13.0.1/lib/darwin/libclang_rt.osx.a]
  Library search paths: [;/Library/Developer/CommandLineTools/SDKs/MacOSX11.sdk/usr/lib]
  Framework search paths: [;/Library/Developer/CommandLineTools/SDKs/MacOSX11.sdk/System/Library/Frameworks/]
  remove lib [System]
  remove lib [/opt/homebrew/Cellar/llvm@13/13.0.1_1/lib/clang/13.0.1/lib/darwin/libclang_rt.osx.a]
  collapse library dir [/Library/Developer/CommandLineTools/SDKs/MacOSX11.sdk/usr/lib] ==> [/Library/Developer/CommandLineTools/SDKs/MacOSX11.sdk/usr/lib]
  collapse framework dir [/Library/Developer/CommandLineTools/SDKs/MacOSX11.sdk/System/Library/Frameworks/] ==> [/Library/Developer/CommandLineTools/SDKs/MacOSX11.sdk/System/Library/Frameworks]
  implicit libs: []
  implicit objs: []
  implicit dirs: [/Library/Developer/CommandLineTools/SDKs/MacOSX11.sdk/usr/lib]
  implicit fwks: [/Library/Developer/CommandLineTools/SDKs/MacOSX11.sdk/System/Library/Frameworks]


Detecting CXX compiler ABI info compiled with the following output:
Change Dir: /Users/brayden/Documents/School/Fifth Year/Computer Security/Assignment1/build-macos-arm-debug/CMakeFiles/CMakeTmp

Run Build Command(s):/opt/homebrew/bin/ninja cmTC_bd3ca && [1/2] Building CXX object CMakeFiles/cmTC_bd3ca.dir/CMakeCXXCompilerABI.cpp.o
Homebrew clang version 13.0.1
Target: arm64-apple-darwin20.4.0
Thread model: posix
InstalledDir: /opt/homebrew/opt/llvm@13/bin
clang-13: warning: -Wl,-v: 'linker' input unused [-Wunused-command-line-argument]
 (in-process)
 "/opt/homebrew/Cellar/llvm@13/13.0.1_1/bin/clang-13" -cc1 -triple arm64-apple-macosx11.3.0 -Wundef-prefix=TARGET_OS_ -Werror=undef-prefix -Wdeprecated-objc-isa-usage -Werror=deprecated-objc-isa-usage -emit-obj -mrelax-all --mrelax-relocations -disable-free -disable-llvm-verifier -discard-value-names -main-file-name CMakeCXXCompilerABI.cpp -mrelocation-model pic -pic-level 2 -mframe-pointer=non-leaf -fno-rounding-math -munwind-tables -target-sdk-version=12.1 -fcompatibility-qualified-id-block-type-checking -fvisibility-inlines-hidden-static-local-var -target-cpu apple-m1 -target-feature +v8.5a -target-feature +fp-armv8 -target-feature +neon -target-feature +crc -target-feature +crypto -target-feature +dotprod -target-feature +fp16fml -target-feature +ras -target-feature +lse -target-feature +rdm -target-feature +rcpc -target-feature +zcm -target-feature +zcz -target-feature +fullfp16 -target-feature +sha2 -target-feature +aes -target-abi darwinpcs -fallow-half-arguments-and-returns -debugger-tuning=lldb -target-linker-version 711 -v "-fcoverage-compilation-dir=/Users/brayden/Documents/School/Fifth Year/Computer Security/Assignment1/build-macos-arm-debug/CMakeFiles/CMakeTmp" -resource-dir /opt/homebrew/Cellar/llvm@13/13.0.1_1/lib/clang/13.0.1 -dependency-file CMakeFiles/cmTC_bd3ca.dir/CMakeCXXCompilerABI.cpp.o.d -MT CMakeFiles/cmTC_bd3ca.dir/CMakeCXXCompilerABI.cpp.o -sys-header-deps -isysroot /Library/Developer/CommandLineTools/SDKs/MacOSX12.1.sdk -stdlib=libc++ -internal-isystem /opt/homebrew/opt/llvm@13/bin/../include/c++/v1 -internal-isystem /Library/Developer/CommandLineTools/SDKs/MacOSX12.1.sdk/usr/local/include -internal-isystem /opt/homebrew/Cellar/llvm@13/13.0.1_1/lib/clang/13.0.1/include -internal-externc-isystem /Library/Developer/CommandLineTools/SDKs/MacOSX12.1.sdk/usr/include -fdeprecated-macro "-fdebug-compilation-dir=/Users/brayden/Documents/School/Fifth Year/Computer Security/Assignment1/build-macos-arm-debug/CMakeFiles/CMakeTmp" -ferror-limit 19 -stack-protector 1 -fblocks -fencode-extended-block-signature -fregister-global-dtors-with-atexit -fgnuc-version=4.2.1 -fcxx-exceptions -fexceptions -fmax-type-align=16 -D__GCC_HAVE_DWARF2_CFI_ASM=1 -o CMakeFiles/cmTC_bd3ca.dir/CMakeCXXCompilerABI.cpp.o -x c++ /opt/homebrew/Cellar/cmake/3.24.1/share/cmake/Modules/CMakeCXXCompilerABI.cpp
clang -cc1 version 13.0.1 based upon LLVM 13.0.1 default target arm64-apple-darwin20.4.0
ignoring nonexistent directory "/Library/Developer/CommandLineTools/SDKs/MacOSX12.1.sdk/usr/local/include"
ignoring nonexistent directory "/Library/Developer/CommandLineTools/SDKs/MacOSX12.1.sdk/Library/Frameworks"
#include "..." search starts here:
#include <...> search starts here:
 /opt/homebrew/opt/llvm@13/bin/../include/c++/v1
 /opt/homebrew/Cellar/llvm@13/13.0.1_1/lib/clang/13.0.1/include
 /Library/Developer/CommandLineTools/SDKs/MacOSX12.1.sdk/usr/include
 /Library/Developer/CommandLineTools/SDKs/MacOSX12.1.sdk/System/Library/Frameworks (framework directory)
End of search list.
[2/2] Linking CXX executable cmTC_bd3ca
Homebrew clang version 13.0.1
Target: arm64-apple-darwin20.4.0
Thread model: posix
InstalledDir: /opt/homebrew/opt/llvm@13/bin
 "/usr/bin/ld" -demangle -lto_library /opt/homebrew/Cellar/llvm@13/13.0.1_1/lib/libLTO.dylib -dynamic -arch arm64 -platform_version macos 11.3.0 12.1 -syslibroot /Library/Developer/CommandLineTools/SDKs/MacOSX11.sdk -o cmTC_bd3ca -search_paths_first -headerpad_max_install_names -v CMakeFiles/cmTC_bd3ca.dir/CMakeCXXCompilerABI.cpp.o -lc++ -lSystem /opt/homebrew/Cellar/llvm@13/13.0.1_1/lib/clang/13.0.1/lib/darwin/libclang_rt.osx.a
@(#)PROGRAM:ld  PROJECT:ld64-711
BUILD 21:57:24 Nov 17 2021
configured to support archs: armv6 armv7 armv7s arm64 arm64e arm64_32 i386 x86_64 x86_64h armv6m armv7k armv7m armv7em
Library search paths:
	/Library/Developer/CommandLineTools/SDKs/MacOSX11.sdk/usr/lib
Framework search paths:
	/Library/Developer/CommandLineTools/SDKs/MacOSX11.sdk/System/Library/Frameworks/



Parsed CXX implicit include dir info from above output: rv=done
  found start of include info
  found start of implicit include info
    add: [/opt/homebrew/opt/llvm@13/bin/../include/c++/v1]
    add: [/opt/homebrew/Cellar/llvm@13/13.0.1_1/lib/clang/13.0.1/include]
    add: [/Library/Developer/CommandLineTools/SDKs/MacOSX12.1.sdk/usr/include]
  end of search list found
  collapse include dir [/opt/homebrew/opt/llvm@13/bin/../include/c++/v1] ==> [/opt/homebrew/opt/llvm@13/include/c++/v1]
  collapse include dir [/opt/homebrew/Cellar/llvm@13/13.0.1_1/lib/clang/13.0.1/include] ==> [/opt/homebrew/Cellar/llvm@13/13.0.1_1/lib/clang/13.0.1/include]
  collapse include dir [/Library/Developer/CommandLineTools/SDKs/MacOSX12.1.sdk/usr/include] ==> [/Library/Developer/CommandLineTools/SDKs/MacOSX12.1.sdk/usr/include]
  implicit include dirs: [/opt/homebrew/opt/llvm@13/include/c++/v1;/opt/homebrew/Cellar/llvm@13/13.0.1_1/lib/clang/13.0.1/include;/Library/Developer/CommandLineTools/SDKs/MacOSX12.1.sdk/usr/include]


Parsed CXX implicit link information from above output:
  link line regex: [^( *|.*[/\])(ld\.lld|CMAKE_LINK_STARTFILE-NOTFOUND|([^/\]+-)?ld|collect2)[^/\]*( |$)]
  ignore line: [Change Dir: /Users/brayden/Documents/School/Fifth Year/Computer Security/Assignment1/build-macos-arm-debug/CMakeFiles/CMakeTmp]
  ignore line: []
  ignore line: [Run Build Command(s):/opt/homebrew/bin/ninja cmTC_bd3ca && [1/2] Building CXX object CMakeFiles/cmTC_bd3ca.dir/CMakeCXXCompilerABI.cpp.o]
  ignore line: [Homebrew clang version 13.0.1]
  ignore line: [Target: arm64-apple-darwin20.4.0]
  ignore line: [Thread model: posix]
  ignore line: [InstalledDir: /opt/homebrew/opt/llvm@13/bin]
  ignore line: [clang-13: warning: -Wl -v: 'linker' input unused [-Wunused-command-line-argument]]
  ignore line: [ (in-process)]
  ignore line: [ "/opt/homebrew/Cellar/llvm@13/13.0.1_1/bin/clang-13" -cc1 -triple arm64-apple-macosx11.3.0 -Wundef-prefix=TARGET_OS_ -Werror=undef-prefix -Wdeprecated-objc-isa-usage -Werror=deprecated-objc-isa-usage -emit-obj -mrelax-all --mrelax-relocations -disable-free -disable-llvm-verifier -discard-value-names -main-file-name CMakeCXXCompilerABI.cpp -mrelocation-model pic -pic-level 2 -mframe-pointer=non-leaf -fno-rounding-math -munwind-tables -target-sdk-version=12.1 -fcompatibility-qualified-id-block-type-checking -fvisibility-inlines-hidden-static-local-var -target-cpu apple-m1 -target-feature +v8.5a -target-feature +fp-armv8 -target-feature +neon -target-feature +crc -target-feature +crypto -target-feature +dotprod -target-feature +fp16fml -target-feature +ras -target-feature +lse -target-feature +rdm -target-feature +rcpc -target-feature +zcm -target-feature +zcz -target-feature +fullfp16 -target-feature +sha2 -target-feature +aes -target-abi darwinpcs -fallow-half-arguments-and-returns -debugger-tuning=lldb -target-linker-version 711 -v "-fcoverage-compilation-dir=/Users/brayden/Documents/School/Fifth Year/Computer Security/Assignment1/build-macos-arm-debug/CMakeFiles/CMakeTmp" -resource-dir /opt/homebrew/Cellar/llvm@13/13.0.1_1/lib/clang/13.0.1 -dependency-file CMakeFiles/cmTC_bd3ca.dir/CMakeCXXCompilerABI.cpp.o.d -MT CMakeFiles/cmTC_bd3ca.dir/CMakeCXXCompilerABI.cpp.o -sys-header-deps -isysroot /Library/Developer/CommandLineTools/SDKs/MacOSX12.1.sdk -stdlib=libc++ -internal-isystem /opt/homebrew/opt/llvm@13/bin/../include/c++/v1 -internal-isystem /Library/Developer/CommandLineTools/SDKs/MacOSX12.1.sdk/usr/local/include -internal-isystem /opt/homebrew/Cellar/llvm@13/13.0.1_1/lib/clang/13.0.1/include -internal-externc-isystem /Library/Developer/CommandLineTools/SDKs/MacOSX12.1.sdk/usr/include -fdeprecated-macro "-fdebug-compilation-dir=/Users/brayden/Documents/School/Fifth Year/Computer Security/Assignment1/build-macos-arm-debug/CMakeFiles/CMakeTmp" -ferror-limit 19 -stack-protector 1 -fblocks -fencode-extended-block-signature -fregister-global-dtors-with-atexit -fgnuc-version=4.2.1 -fcxx-exceptions -fexceptions -fmax-type-align=16 -D__GCC_HAVE_DWARF2_CFI_ASM=1 -o CMakeFiles/cmTC_bd3ca.dir/CMakeCXXCompilerABI.cpp.o -x c++ /opt/homebrew/Cellar/cmake/3.24.1/share/cmake/Modules/CMakeCXXCompilerABI.cpp]
  ignore line: [clang -cc1 version 13.0.1 based upon LLVM 13.0.1 default target arm64-apple-darwin20.4.0]
  ignore line: [ignoring nonexistent directory "/Library/Developer/CommandLineTools/SDKs/MacOSX12.1.sdk/usr/local/include"]
  ignore line: [ignoring nonexistent directory "/Library/Developer/CommandLineTools/SDKs/MacOSX12.1.sdk/Library/Frameworks"]
  ignore line: [#include "..." search starts here:]
  ignore line: [#include <...> search starts here:]
  ignore line: [ /opt/homebrew/opt/llvm@13/bin/../include/c++/v1]
  ignore line: [ /opt/homebrew/Cellar/llvm@13/13.0.1_1/lib/clang/13.0.1/include]
  ignore line: [ /Library/Developer/CommandLineTools/SDKs/MacOSX12.1.sdk/usr/include]
  ignore line: [ /Library/Developer/CommandLineTools/SDKs/MacOSX12.1.sdk/System/Library/Frameworks (framework directory)]
  ignore line: [End of search list.]
  ignore line: [[2/2] Linking CXX executable cmTC_bd3ca]
  ignore line: [Homebrew clang version 13.0.1]
  ignore line: [Target: arm64-apple-darwin20.4.0]
  ignore line: [Thread model: posix]
  ignore line: [InstalledDir: /opt/homebrew/opt/llvm@13/bin]
  link line: [ "/usr/bin/ld" -demangle -lto_library /opt/homebrew/Cellar/llvm@13/13.0.1_1/lib/libLTO.dylib -dynamic -arch arm64 -platform_version macos 11.3.0 12.1 -syslibroot /Library/Developer/CommandLineTools/SDKs/MacOSX11.sdk -o cmTC_bd3ca -search_paths_first -headerpad_max_install_names -v CMakeFiles/cmTC_bd3ca.dir/CMakeCXXCompilerABI.cpp.o -lc++ -lSystem /opt/homebrew/Cellar/llvm@13/13.0.1_1/lib/clang/13.0.1/lib/darwin/libclang_rt.osx.a]
    arg [/usr/bin/ld] ==> ignore
    arg [-demangle] ==> ignore
    arg [-lto_library] ==> ignore, skip following value
    arg [/opt/homebrew/Cellar/llvm@13/13.0.1_1/lib/libLTO.dylib] ==> skip value of -lto_library
    arg [-dynamic] ==> ignore
    arg [-arch] ==> ignore
    arg [arm64] ==> ignore
    arg [-platform_version] ==> ignore
    arg [macos] ==> ignore
    arg [11.3.0] ==> ignore
    arg [12.1] ==> ignore
    arg [-syslibroot] ==> ignore
    arg [/Library/Developer/CommandLineTools/SDKs/MacOSX11.sdk] ==> ignore
    arg [-o] ==> ignore
    arg [cmTC_bd3ca] ==> ignore
    arg [-search_paths_first] ==> ignore
    arg [-headerpad_max_install_names] ==> ignore
    arg [-v] ==> ignore
    arg [CMakeFiles/cmTC_bd3ca.dir/CMakeCXXCompilerABI.cpp.o] ==> ignore
    arg [-lc++] ==> lib [c++]
    arg [-lSystem] ==> lib [System]
    arg [/opt/homebrew/Cellar/llvm@13/13.0.1_1/lib/clang/13.0.1/lib/darwin/libclang_rt.osx.a] ==> lib [/opt/homebrew/Cellar/llvm@13/13.0.1_1/lib/clang/13.0.1/lib/darwin/libclang_rt.osx.a]
  Library search paths: [;/Library/Developer/CommandLineTools/SDKs/MacOSX11.sdk/usr/lib]
  Framework search paths: [;/Library/Developer/CommandLineTools/SDKs/MacOSX11.sdk/System/Library/Frameworks/]
  remove lib [System]
  remove lib [/opt/homebrew/Cellar/llvm@13/13.0.1_1/lib/clang/13.0.1/lib/darwin/libclang_rt.osx.a]
  collapse library dir [/Library/Developer/CommandLineTools/SDKs/MacOSX11.sdk/usr/lib] ==> [/Library/Developer/CommandLineTools/SDKs/MacOSX11.sdk/usr/lib]
  collapse framework dir [/Library/Developer/CommandLineTools/SDKs/MacOSX11.sdk/System/Library/Frameworks/] ==> [/Library/Developer/CommandLineTools/SDKs/MacOSX11.sdk/System/Library/Frameworks]
  implicit libs: [c++]
  implicit objs: []
  implicit dirs: [/Library/Developer/CommandLineTools/SDKs/MacOSX11.sdk/usr/lib]
  implicit fwks: [/Library/Developer/CommandLineTools/SDKs/MacOSX11.sdk/System/Library/Frameworks]


